[debug] [2019-06-29T13:39:05.307Z] ----------------------------------------------------------------------
[debug] [2019-06-29T13:39:05.311Z] Command:       C:\Program Files\nodejs\node.exe C:\Users\Maik\AppData\Roaming\npm\node_modules\firebase-tools\lib\bin\firebase.js deploy
[debug] [2019-06-29T13:39:05.311Z] CLI Version:   7.0.2
[debug] [2019-06-29T13:39:05.311Z] Platform:      win32
[debug] [2019-06-29T13:39:05.311Z] Node Version:  v8.11.3
[debug] [2019-06-29T13:39:05.313Z] Time:          Sat Jun 29 2019 15:39:05 GMT+0200 (W. Europe Summer Time)
[debug] [2019-06-29T13:39:05.313Z] ----------------------------------------------------------------------
[debug] 
[debug] [2019-06-29T13:39:05.341Z] > command requires scopes: ["email","openid","https://www.googleapis.com/auth/cloudplatformprojects.readonly","https://www.googleapis.com/auth/firebase","https://www.googleapis.com/auth/cloud-platform"]
[debug] [2019-06-29T13:39:05.343Z] > authorizing via signed-in user
[debug] [2019-06-29T13:39:05.343Z] [iam] checking project landing-page-245120 for permissions ["firebase.projects.get","firebasehosting.sites.update"]
[debug] [2019-06-29T13:39:05.345Z] > refreshing access token with scopes: ["email","https://www.googleapis.com/auth/cloud-platform","https://www.googleapis.com/auth/cloudplatformprojects.readonly","https://www.googleapis.com/auth/firebase","openid"]
[debug] [2019-06-29T13:39:05.345Z] >>> HTTP REQUEST POST https://www.googleapis.com/oauth2/v3/token  
 <request body omitted>
[debug] [2019-06-29T13:39:05.639Z] <<< HTTP RESPONSE 200
[debug] [2019-06-29T13:39:05.644Z] >>> HTTP REQUEST POST https://cloudresourcemanager.googleapis.com/v1/projects/landing-page-245120:testIamPermissions  

[debug] [2019-06-29T13:39:06.527Z] <<< HTTP RESPONSE 200
[debug] [2019-06-29T13:39:06.529Z] >>> HTTP REQUEST GET https://firebase.googleapis.com/v1beta1/projects/landing-page-245120  
 
[debug] [2019-06-29T13:39:07.060Z] <<< HTTP RESPONSE 200
[info] 
[info] === Deploying to 'landing-page-245120'...
[info] 
[info] i  deploying hosting
[debug] [2019-06-29T13:39:07.075Z] >>> HTTP REQUEST POST https://firebasehosting.googleapis.com/v1beta1/sites/landing-page-245120/versions  

[debug] [2019-06-29T13:39:08.858Z] <<< HTTP RESPONSE 200
[info] i  hosting[landing-page-245120]: beginning deploy...
[info] i  hosting[landing-page-245120]: found 30 files in public
[debug] [2019-06-29T13:39:08.880Z] [hosting] hash cache [cHVibGlj] load error: lines is not defined
[debug] [2019-06-29T13:39:09.003Z] [hosting] hash cache [cHVibGlj] stored for 30 files
[debug] [2019-06-29T13:39:09.003Z] [hosting][hash queue][FINAL]
[debug] [2019-06-29T13:39:09.003Z] >>> HTTP REQUEST POST https://firebasehosting.googleapis.com/v1beta1/sites/landing-page-245120/versions/a30acea692171944:populateFiles  
 <request body omitted>
